%このファイルは日本語文字を含みます.
\BOOKMARK [0][-]{chapter.1}{第1章 はじめに}{}% 1
\BOOKMARK [1][-]{section.1.1}{1.1 研究背景}{chapter.1}% 2
\BOOKMARK [1][-]{section.1.2}{1.2 プロジェクションマッピングの歴史}{chapter.1}% 3
\BOOKMARK [1][-]{section.1.3}{1.3 本論文の構成}{chapter.1}% 4
\BOOKMARK [0][-]{chapter.2}{第2章 先行事例}{}% 5
\BOOKMARK [1][-]{section.2.1}{2.1 先行事例}{chapter.2}% 6
\BOOKMARK [0][-]{chapter.3}{第3章 提案手法}{}% 7
\BOOKMARK [1][-]{section.3.1}{3.1 使用装置}{chapter.3}% 8
\BOOKMARK [1][-]{section.3.2}{3.2 開発環境}{chapter.3}% 9
\BOOKMARK [1][-]{section.3.3}{3.3 システムの概要}{chapter.3}% 10
\BOOKMARK [0][-]{chapter.4}{第4章 実行結果}{}% 11
\BOOKMARK [1][-]{section.4.1}{4.1 実行結果}{chapter.4}% 12
\BOOKMARK [0][-]{chapter.5}{第5章 評価実験}{}% 13
\BOOKMARK [1][-]{section.5.1}{5.1 評価実験}{chapter.5}% 14
\BOOKMARK [0][-]{chapter.6}{第6章 考察}{}% 15
\BOOKMARK [1][-]{section.6.1}{6.1 考察}{chapter.6}% 16
\BOOKMARK [0][-]{chapter.7}{第7章 おわりに}{}% 17
\BOOKMARK [1][-]{section.7.1}{7.1 おわりに}{chapter.7}% 18
\BOOKMARK [0][-]{section*.9}{謝辞}{}% 19
\BOOKMARK [0][-]{chapter*.11}{参考文献}{}% 20
\BOOKMARK [0][-]{appendix.A}{付録A プログラム}{}% 21
\BOOKMARK [0][-]{section*.12}{研究業績}{}% 22
